<?xml version="1.0" encoding="UTF-8"?>
<!-- Generated by org.testng.reporters.JUnitReportReporter -->
<testsuite hostname="DESKTOP-QNHJ5Q7" name="ddtNopCom.NOPCommLoginTest" tests="4" failures="0" timestamp="8 Dec 2022 10:40:21 GMT" time="41.351" errors="0">
  <testcase name="verifyLoginWithInValidUser" time="10.319" classname="ddtNopCom.NOPCommLoginTest"/>
  <testcase name="verifyLoginWithInValidUser" time="10.383" classname="ddtNopCom.NOPCommLoginTest"/>
  <testcase name="verifyLoginWithInValidUser" time="10.347" classname="ddtNopCom.NOPCommLoginTest"/>
  <testcase name="verifyLoginWithInValidUser" time="10.302" classname="ddtNopCom.NOPCommLoginTest"/>
</testsuite> <!-- ddtNopCom.NOPCommLoginTest -->
