<?xml version="1.0" encoding="UTF-8"?>
<!-- Generated by org.testng.reporters.JUnitReportReporter -->
<testsuite hostname="DESKTOP-QNHJ5Q7" name="practiceWebDriver.amazon" tests="1" failures="0" timestamp="29 Nov 2022 09:49:43 GMT" time="17.215" errors="0">
  <testcase name="amazon" time="17.215" classname="practiceWebDriver.amazon"/>
</testsuite> <!-- practiceWebDriver.amazon -->
