<?xml version="1.0" encoding="UTF-8"?>
<!-- Generated by org.testng.reporters.JUnitReportReporter -->
<testsuite hostname="DESKTOP-QNHJ5Q7" name="practiceWebDriver.AreaDemo" tests="1" failures="0" timestamp="29 Nov 2022 10:16:13 GMT" time="25.966" errors="0">
  <testcase name="login" time="25.966" classname="practiceWebDriver.AreaDemo"/>
</testsuite> <!-- practiceWebDriver.AreaDemo -->
