<?xml version="1.0" encoding="UTF-8"?>
<!-- Generated by org.testng.reporters.JUnitReportReporter -->
<testsuite hostname="DESKTOP-QNHJ5Q7" name="takescreenShotExample.AmazonTest" tests="1" failures="0" timestamp="5 Dec 2022 18:04:49 GMT" time="7.284" errors="0">
  <testcase name="verifyWishList" time="7.284" classname="takescreenShotExample.AmazonTest"/>
</testsuite> <!-- takescreenShotExample.AmazonTest -->
