<?xml version="1.0" encoding="UTF-8"?>
<!-- Generated by org.testng.reporters.JUnitReportReporter -->
<testsuite hostname="DESKTOP-QNHJ5Q7" name="javascriptExample.HighLight_Elements" tests="1" failures="0" timestamp="2 Dec 2022 18:43:47 GMT" time="4.127" errors="0">
  <testcase name="Text" time="4.127" classname="javascriptExample.HighLight_Elements"/>
</testsuite> <!-- javascriptExample.HighLight_Elements -->
