<?xml version="1.0" encoding="UTF-8"?>
<!-- Generated by org.testng.reporters.JUnitReportReporter -->
<testsuite hostname="DESKTOP-QNHJ5Q7" name="exercise.GoogleTest" tests="1" failures="0" timestamp="1 Dec 2022 18:27:43 GMT" time="6.973" errors="0">
  <testcase name="SearchTest" time="6.973" classname="exercise.GoogleTest"/>
</testsuite> <!-- exercise.GoogleTest -->
