<?xml version="1.0" encoding="UTF-8"?>
<!-- Generated by org.testng.reporters.JUnitReportReporter -->
<testsuite hostname="DESKTOP-QNHJ5Q7" name="controlExample.HandleListboxExample" tests="2" failures="0" timestamp="30 Nov 2022 17:22:59 GMT" time="8.733" errors="0">
  <testcase name="handlelist" time="4.415" classname="controlExample.HandleListboxExample"/>
  <testcase name="handlelist2" time="4.318" classname="controlExample.HandleListboxExample"/>
</testsuite> <!-- controlExample.HandleListboxExample -->
