<?xml version="1.0" encoding="UTF-8"?>
<!-- Generated by org.testng.reporters.JUnitReportReporter -->
<testsuite hostname="DESKTOP-QNHJ5Q7" name="testNGexample.TestNGExample" tests="4" failures="0" timestamp="30 Nov 2022 06:07:48 GMT" time="0.031" errors="0">
  <testcase name="login" time="0.015" classname="testNGexample.TestNGExample"/>
  <testcase name="addItems" time="0.000" classname="testNGexample.TestNGExample"/>
  <testcase name="payment" time="0.000" classname="testNGexample.TestNGExample"/>
  <testcase name="logout" time="0.016" classname="testNGexample.TestNGExample"/>
</testsuite> <!-- testNGexample.TestNGExample -->
