<?xml version="1.0" encoding="UTF-8"?>
<!-- Generated by org.testng.reporters.JUnitReportReporter -->
<testsuite hostname="DESKTOP-QNHJ5Q7" name="actionExample.RutoTest_NopCom" tests="1" failures="0" timestamp="2 Dec 2022 18:30:55 GMT" time="0.267" errors="0">
  <testcase name="verifyWishList" time="0.267" classname="actionExample.RutoTest_NopCom"/>
</testsuite> <!-- actionExample.RutoTest_NopCom -->
