<?xml version="1.0" encoding="UTF-8"?>
<!-- Generated by org.testng.reporters.JUnitReportReporter -->
<testsuite hostname="DESKTOP-QNHJ5Q7" name="handleWindowExample.IRCTCApp" tests="1" failures="0" timestamp="2 Dec 2022 18:40:55 GMT" time="16.998" errors="0">
  <testcase name="verifyPayTMWebAccount" time="16.998" classname="handleWindowExample.IRCTCApp"/>
</testsuite> <!-- handleWindowExample.IRCTCApp -->
