<?xml version="1.0" encoding="UTF-8"?>
<!-- Generated by org.testng.reporters.JUnitReportReporter -->
<testsuite hostname="DESKTOP-QNHJ5Q7" name="javascriptExample.ModelExampleTest" tests="1" failures="0" timestamp="2 Dec 2022 18:50:39 GMT" time="10.173" errors="0">
  <testcase name="verifyModelTest" time="10.173" classname="javascriptExample.ModelExampleTest"/>
</testsuite> <!-- javascriptExample.ModelExampleTest -->
