<?xml version="1.0" encoding="UTF-8"?>
<!-- Generated by org.testng.reporters.JUnitReportReporter -->
<testsuite hostname="DESKTOP-QNHJ5Q7" name="actionExample.AmazonTest" tests="1" failures="0" timestamp="2 Dec 2022 18:27:59 GMT" time="1.897" errors="0">
  <testcase name="verifyWishList" time="1.897" classname="actionExample.AmazonTest"/>
</testsuite> <!-- actionExample.AmazonTest -->
