<?xml version="1.0" encoding="UTF-8"?>
<!-- Generated by org.testng.reporters.JUnitReportReporter -->
<testsuite hostname="DESKTOP-QNHJ5Q7" name="loginLogoutTest.LoginTestTestNG" tests="1" failures="0" timestamp="28 Nov 2022 06:31:11 GMT" time="25.297" errors="0">
  <testcase name="login" time="25.297" classname="loginLogoutTest.LoginTestTestNG"/>
</testsuite> <!-- loginLogoutTest.LoginTestTestNG -->
