<?xml version="1.0" encoding="UTF-8"?>
<!-- Generated by org.testng.reporters.JUnitReportReporter -->
<testsuite hostname="DESKTOP-QNHJ5Q7" name="extentReportExample.GoogleTest" tests="2" failures="0" timestamp="6 Dec 2022 06:29:40 GMT" time="0.047" errors="0">
  <testcase name="verifyApplicationLogo" time="0.031" classname="extentReportExample.GoogleTest"/>
  <testcase name="verifyApplicationTitle" time="0.016" classname="extentReportExample.GoogleTest"/>
</testsuite> <!-- extentReportExample.GoogleTest -->
