<?xml version="1.0" encoding="UTF-8"?>
<!-- Generated by org.testng.reporters.JUnitReportReporter -->
<testsuite hostname="DESKTOP-QNHJ5Q7" name="testNGexample.TestNGAnnotationExample" tests="2" failures="0" timestamp="30 Nov 2022 07:06:58 GMT" time="0.031" errors="0">
  <testcase name="login" time="0.015" classname="testNGexample.TestNGAnnotationExample"/>
  <testcase name="logout" time="0.016" classname="testNGexample.TestNGAnnotationExample"/>
</testsuite> <!-- testNGexample.TestNGAnnotationExample -->
