<?xml version="1.0" encoding="UTF-8"?>
<!-- Generated by org.testng.reporters.JUnitReportReporter -->
<testsuite hostname="DESKTOP-QNHJ5Q7" name="practiceWebDriver.hrmLogin" tests="1" failures="0" timestamp="29 Nov 2022 07:18:26 GMT" time="36.959" errors="0">
  <testcase name="verifyLogin" time="36.959" classname="practiceWebDriver.hrmLogin"/>
</testsuite> <!-- practiceWebDriver.hrmLogin -->
