<?xml version="1.0" encoding="UTF-8"?>
<!-- Generated by org.testng.reporters.JUnitReportReporter -->
<testsuite hostname="DESKTOP-QNHJ5Q7" name="controlExample.HandleAlert" tests="2" failures="0" timestamp="30 Nov 2022 17:22:59 GMT" time="15.378" errors="0">
  <testcase name="handleSimpleAlert" time="6.177" classname="controlExample.HandleAlert"/>
  <testcase name="handleConfirmAlert" time="9.201" classname="controlExample.HandleAlert"/>
</testsuite> <!-- controlExample.HandleAlert -->
