<?xml version="1.0" encoding="UTF-8"?>
<!-- Generated by org.testng.reporters.JUnitReportReporter -->
<testsuite hostname="DESKTOP-QNHJ5Q7" name="tests.LoginTest" tests="2" failures="0" timestamp="8 Dec 2022 08:43:04 GMT" time="9.665" errors="0">
  <testcase name="verifyLogin" time="9.665" classname="tests.LoginTest"/>
  <testcase name="verifyLogout" time="0.000" classname="tests.LoginTest"/>
</testsuite> <!-- tests.LoginTest -->
