<?xml version="1.0" encoding="UTF-8"?>
<!-- Generated by org.testng.reporters.JUnitReportReporter -->
<testsuite hostname="DESKTOP-QNHJ5Q7" name="actionExample.DragDropTest" tests="1" failures="0" timestamp="2 Dec 2022 07:05:14 GMT" time="4.915" errors="0">
  <testcase name="verifyRightClickTest" time="4.915" classname="actionExample.DragDropTest"/>
</testsuite> <!-- actionExample.DragDropTest -->
