<?xml version="1.0" encoding="UTF-8"?>
<!-- Generated by org.testng.reporters.JUnitReportReporter -->
<testsuite hostname="DESKTOP-QNHJ5Q7" name="javascriptExample.MyntraApp" tests="1" failures="0" timestamp="2 Dec 2022 18:53:39 GMT" time="5.101" errors="0">
  <testcase name="verifyModelTest" time="5.101" classname="javascriptExample.MyntraApp"/>
</testsuite> <!-- javascriptExample.MyntraApp -->
