<?xml version="1.0" encoding="UTF-8"?>
<!-- Generated by org.testng.reporters.JUnitReportReporter -->
<testsuite hostname="DESKTOP-QNHJ5Q7" name="nopCommlog4j.LoginTest" tests="2" failures="0" timestamp="8 Dec 2022 09:31:25 GMT" time="41.202" errors="0">
  <testcase name="verifyLogin" time="20.452" classname="nopCommlog4j.LoginTest"/>
  <testcase name="verifyLogin" time="20.750" classname="nopCommlog4j.LoginTest"/>
</testsuite> <!-- nopCommlog4j.LoginTest -->
