<?xml version="1.0" encoding="UTF-8"?>
<!-- Generated by org.testng.reporters.JUnitReportReporter -->
<testsuite hostname="DESKTOP-QNHJ5Q7" name="controlExample.HandleCheckboxRadioButton" tests="2" failures="0" timestamp="30 Nov 2022 17:46:40 GMT" time="0.175" errors="0">
  <testcase name="handleCheckbox" time="0.107" classname="controlExample.HandleCheckboxRadioButton"/>
  <testcase name="handleradiobutton" time="0.068" classname="controlExample.HandleCheckboxRadioButton"/>
</testsuite> <!-- controlExample.HandleCheckboxRadioButton -->
