<?xml version="1.0" encoding="UTF-8"?>
<!-- Generated by org.testng.reporters.JUnitReportReporter -->
<testsuite hostname="DESKTOP-QNHJ5Q7" name="actionExample.RightClickDoubleClickTest" tests="2" failures="0" timestamp="2 Dec 2022 06:35:32 GMT" time="0.545" errors="0">
  <testcase name="verifyDoubleClickTest" time="0.209" classname="actionExample.RightClickDoubleClickTest"/>
  <testcase name="verifyRightClickTest" time="0.336" classname="actionExample.RightClickDoubleClickTest"/>
</testsuite> <!-- actionExample.RightClickDoubleClickTest -->
