<?xml version="1.0" encoding="UTF-8"?>
<!-- Generated by org.testng.reporters.JUnitReportReporter -->
<testsuite hostname="DESKTOP-QNHJ5Q7" failures="0" tests="4" name="ddtNopCom.NOPCommLoginTest" time="41.025" errors="0" timestamp="2022-12-11T22:06:45 PST" skipped="0">
  <testcase classname="ddtNopCom.NOPCommLoginTest" name="verifyLoginWithInValidUser" time="10.504"/>
  <system-out/>
  <testcase classname="ddtNopCom.NOPCommLoginTest" name="verifyLoginWithInValidUser" time="10.677"/>
  <system-out/>
  <testcase classname="ddtNopCom.NOPCommLoginTest" name="verifyLoginWithInValidUser" time="9.782"/>
  <system-out/>
  <testcase classname="ddtNopCom.NOPCommLoginTest" name="verifyLoginWithInValidUser" time="10.062"/>
  <system-out/>
</testsuite> <!-- ddtNopCom.NOPCommLoginTest -->
